<?xml version="1.0" encoding="UTF-8"?>
<coverage generated="1492260660597" clover="3.2.0">
  <project timestamp="1492260660597" name="All files">
    <metrics statements="29" coveredstatements="29" conditionals="12" coveredconditionals="12" methods="11" coveredmethods="11" elements="52" coveredelements="52" complexity="0" loc="29" ncloc="29" packages="3" files="3" classes="3">
      <package name="client.action">
        <metrics statements="16" coveredstatements="16" conditionals="4" coveredconditionals="4" methods="9" coveredmethods="9"/>
        <file name="hello.js" path="C:\Users\nino8\Downloads\Coding\FCC\chart_stock_market\src\client\action\hello.js">
          <metrics statements="16" coveredstatements="16" conditionals="4" coveredconditionals="4" methods="9" coveredmethods="9"/>
          <line num="7" count="2" type="stmt"/>
          <line num="8" count="2" type="stmt"/>
          <line num="9" count="2" type="stmt"/>
          <line num="10" count="2" type="stmt"/>
          <line num="12" count="2" type="stmt"/>
          <line num="17" count="7" type="stmt"/>
          <line num="22" count="3" type="stmt"/>
          <line num="27" count="5" type="stmt"/>
          <line num="32" count="3" type="stmt"/>
          <line num="33" count="3" type="stmt"/>
          <line num="34" count="3" type="stmt"/>
          <line num="36" count="3" type="cond" truecount="2" falsecount="0"/>
          <line num="37" count="2" type="stmt"/>
          <line num="40" count="2" type="cond" truecount="2" falsecount="0"/>
          <line num="41" count="1" type="stmt"/>
          <line num="44" count="2" type="stmt"/>
        </file>
      </package>
      <package name="client.reducer">
        <metrics statements="8" coveredstatements="8" conditionals="6" coveredconditionals="6" methods="1" coveredmethods="1"/>
        <file name="hello.js" path="C:\Users\nino8\Downloads\Coding\FCC\chart_stock_market\src\client\reducer\hello.js">
          <metrics statements="8" coveredstatements="8" conditionals="6" coveredconditionals="6" methods="1" coveredmethods="1"/>
          <line num="8" count="1" type="stmt"/>
          <line num="13" count="1" type="cond" truecount="1" falsecount="0"/>
          <line num="14" count="9" type="cond" truecount="5" falsecount="0"/>
          <line num="16" count="1" type="stmt"/>
          <line num="18" count="1" type="stmt"/>
          <line num="20" count="1" type="stmt"/>
          <line num="22" count="1" type="stmt"/>
          <line num="24" count="5" type="stmt"/>
        </file>
      </package>
      <package name="shared">
        <metrics statements="5" coveredstatements="5" conditionals="2" coveredconditionals="2" methods="1" coveredmethods="1"/>
        <file name="routes.js" path="C:\Users\nino8\Downloads\Coding\FCC\chart_stock_market\src\shared\routes.js">
          <metrics statements="5" coveredstatements="5" conditionals="2" coveredconditionals="2" methods="1" coveredmethods="1"/>
          <line num="3" count="3" type="stmt"/>
          <line num="4" count="3" type="stmt"/>
          <line num="5" count="3" type="stmt"/>
          <line num="6" count="3" type="stmt"/>
          <line num="8" count="8" type="cond" truecount="2" falsecount="0"/>
        </file>
      </package>
    </metrics>
  </project>
</coverage>
