{"C:\\Users\\nino8\\Downloads\\Coding\\FCC\\chart_stock_market\\src\\client\\action\\hello.js": {"path":"C:\\Users\\nino8\\Downloads\\Coding\\FCC\\chart_stock_market\\src\\client\\action\\hello.js","statementMap":{"0":{"start":{"line":7,"column":25},"end":{"line":7,"column":36}},"1":{"start":{"line":8,"column":39},"end":{"line":8,"column":64}},"2":{"start":{"line":9,"column":39},"end":{"line":9,"column":64}},"3":{"start":{"line":10,"column":39},"end":{"line":10,"column":64}},"4":{"start":{"line":12,"column":24},"end":{"line":15,"column":2}},"5":{"start":{"line":12,"column":43},"end":{"line":15,"column":1}},"6":{"start":{"line":17,"column":36},"end":{"line":20,"column":2}},"7":{"start":{"line":17,"column":55},"end":{"line":20,"column":1}},"8":{"start":{"line":22,"column":36},"end":{"line":25,"column":2}},"9":{"start":{"line":22,"column":55},"end":{"line":25,"column":1}},"10":{"start":{"line":27,"column":36},"end":{"line":30,"column":2}},"11":{"start":{"line":27,"column":55},"end":{"line":30,"column":1}},"12":{"start":{"line":32,"column":29},"end":{"line":46,"column":1}},"13":{"start":{"line":32,"column":46},"end":{"line":46,"column":1}},"14":{"start":{"line":33,"column":2},"end":{"line":33,"column":34}},"15":{"start":{"line":34,"column":2},"end":{"line":45,"column":6}},"16":{"start":{"line":36,"column":6},"end":{"line":36,"column":46}},"17":{"start":{"line":36,"column":19},"end":{"line":36,"column":46}},"18":{"start":{"line":37,"column":6},"end":{"line":37,"column":23}},"19":{"start":{"line":40,"column":6},"end":{"line":40,"column":65}},"20":{"start":{"line":40,"column":31},"end":{"line":40,"column":65}},"21":{"start":{"line":41,"column":6},"end":{"line":41,"column":56}},"22":{"start":{"line":44,"column":6},"end":{"line":44,"column":38}}},"fnMap":{"0":{"name":"(anonymous_0)","decl":{"start":{"line":12,"column":24},"end":{"line":12,"column":25}},"loc":{"start":{"line":12,"column":43},"end":{"line":15,"column":1}},"line":12},"1":{"name":"(anonymous_1)","decl":{"start":{"line":17,"column":36},"end":{"line":17,"column":37}},"loc":{"start":{"line":17,"column":55},"end":{"line":20,"column":1}},"line":17},"2":{"name":"(anonymous_2)","decl":{"start":{"line":22,"column":36},"end":{"line":22,"column":37}},"loc":{"start":{"line":22,"column":55},"end":{"line":25,"column":1}},"line":22},"3":{"name":"(anonymous_3)","decl":{"start":{"line":27,"column":36},"end":{"line":27,"column":37}},"loc":{"start":{"line":27,"column":55},"end":{"line":30,"column":1}},"line":27},"4":{"name":"(anonymous_4)","decl":{"start":{"line":32,"column":29},"end":{"line":32,"column":30}},"loc":{"start":{"line":32,"column":46},"end":{"line":46,"column":1}},"line":32},"5":{"name":"(anonymous_5)","decl":{"start":{"line":32,"column":46},"end":{"line":32,"column":47}},"loc":{"start":{"line":32,"column":70},"end":{"line":46,"column":1}},"line":32},"6":{"name":"(anonymous_6)","decl":{"start":{"line":35,"column":10},"end":{"line":35,"column":11}},"loc":{"start":{"line":35,"column":19},"end":{"line":38,"column":5}},"line":35},"7":{"name":"(anonymous_7)","decl":{"start":{"line":39,"column":10},"end":{"line":39,"column":11}},"loc":{"start":{"line":39,"column":20},"end":{"line":42,"column":5}},"line":39},"8":{"name":"(anonymous_8)","decl":{"start":{"line":43,"column":11},"end":{"line":43,"column":12}},"loc":{"start":{"line":43,"column":17},"end":{"line":45,"column":5}},"line":43}},"branchMap":{"0":{"loc":{"start":{"line":36,"column":6},"end":{"line":36,"column":46}},"type":"if","locations":[{"start":{"line":36,"column":6},"end":{"line":36,"column":46}},{"start":{"line":36,"column":6},"end":{"line":36,"column":46}}],"line":36},"1":{"loc":{"start":{"line":40,"column":6},"end":{"line":40,"column":65}},"type":"if","locations":[{"start":{"line":40,"column":6},"end":{"line":40,"column":65}},{"start":{"line":40,"column":6},"end":{"line":40,"column":65}}],"line":40}},"s":{"0":2,"1":2,"2":2,"3":2,"4":2,"5":1,"6":2,"7":7,"8":2,"9":3,"10":2,"11":5,"12":2,"13":3,"14":3,"15":3,"16":3,"17":1,"18":2,"19":2,"20":1,"21":1,"22":2},"f":{"0":1,"1":7,"2":3,"3":5,"4":3,"5":3,"6":3,"7":2,"8":2},"b":{"0":[1,2],"1":[1,1]},"_coverageSchema":"332fd63041d2c1bcb487cc26dd0d5f7d97098a6c","hash":"e708d2f8e142fb9a1edc285f8c8d619f6384e3bf"}
,"C:\\Users\\nino8\\Downloads\\Coding\\FCC\\chart_stock_market\\src\\client\\reducer\\hello.js": {"path":"C:\\Users\\nino8\\Downloads\\Coding\\FCC\\chart_stock_market\\src\\client\\reducer\\hello.js","statementMap":{"0":{"start":{"line":8,"column":21},"end":{"line":11,"column":1}},"1":{"start":{"line":13,"column":21},"end":{"line":26,"column":1}},"2":{"start":{"line":14,"column":2},"end":{"line":25,"column":3}},"3":{"start":{"line":16,"column":6},"end":{"line":16,"column":66}},"4":{"start":{"line":18,"column":6},"end":{"line":18,"column":69}},"5":{"start":{"line":20,"column":6},"end":{"line":20,"column":71}},"6":{"start":{"line":22,"column":6},"end":{"line":22,"column":108}},"7":{"start":{"line":24,"column":6},"end":{"line":24,"column":18}}},"fnMap":{"0":{"name":"(anonymous_0)","decl":{"start":{"line":13,"column":21},"end":{"line":13,"column":22}},"loc":{"start":{"line":13,"column":87},"end":{"line":26,"column":1}},"line":13}},"branchMap":{"0":{"loc":{"start":{"line":13,"column":22},"end":{"line":13,"column":42}},"type":"default-arg","locations":[{"start":{"line":13,"column":30},"end":{"line":13,"column":42}}],"line":13},"1":{"loc":{"start":{"line":14,"column":2},"end":{"line":25,"column":3}},"type":"switch","locations":[{"start":{"line":15,"column":4},"end":{"line":16,"column":66}},{"start":{"line":17,"column":4},"end":{"line":18,"column":69}},{"start":{"line":19,"column":4},"end":{"line":20,"column":71}},{"start":{"line":21,"column":4},"end":{"line":22,"column":108}},{"start":{"line":23,"column":4},"end":{"line":24,"column":18}}],"line":14}},"s":{"0":1,"1":1,"2":9,"3":1,"4":1,"5":1,"6":1,"7":5},"f":{"0":9},"b":{"0":[5],"1":[1,1,1,1,5]},"_coverageSchema":"332fd63041d2c1bcb487cc26dd0d5f7d97098a6c","hash":"5e1d9619c9e9412e25b8558df8410fa73b33050d"}
,"C:\\Users\\nino8\\Downloads\\Coding\\FCC\\chart_stock_market\\src\\shared\\routes.js": {"path":"C:\\Users\\nino8\\Downloads\\Coding\\FCC\\chart_stock_market\\src\\shared\\routes.js","statementMap":{"0":{"start":{"line":3,"column":31},"end":{"line":3,"column":34}},"1":{"start":{"line":4,"column":32},"end":{"line":4,"column":40}},"2":{"start":{"line":5,"column":38},"end":{"line":5,"column":52}},"3":{"start":{"line":6,"column":41},"end":{"line":6,"column":47}},"4":{"start":{"line":8,"column":34},"end":{"line":8,"column":82}},"5":{"start":{"line":8,"column":52},"end":{"line":8,"column":82}}},"fnMap":{"0":{"name":"(anonymous_0)","decl":{"start":{"line":8,"column":34},"end":{"line":8,"column":35}},"loc":{"start":{"line":8,"column":52},"end":{"line":8,"column":82}},"line":8}},"branchMap":{"0":{"loc":{"start":{"line":8,"column":67},"end":{"line":8,"column":80}},"type":"binary-expr","locations":[{"start":{"line":8,"column":67},"end":{"line":8,"column":70}},{"start":{"line":8,"column":74},"end":{"line":8,"column":80}}],"line":8}},"s":{"0":3,"1":3,"2":3,"3":3,"4":3,"5":8},"f":{"0":8},"b":{"0":[8,1]},"_coverageSchema":"332fd63041d2c1bcb487cc26dd0d5f7d97098a6c","hash":"f828d3aaf17b84126f28b60240619deac3e4962b"}
}
