TN:
SF:C:\Users\nino8\Downloads\Coding\FCC\chart_stock_market\src\client\action\hello.js
FN:12,(anonymous_0)
FN:17,(anonymous_1)
FN:22,(anonymous_2)
FN:27,(anonymous_3)
FN:32,(anonymous_4)
FN:32,(anonymous_5)
FN:35,(anonymous_6)
FN:39,(anonymous_7)
FN:43,(anonymous_8)
FNF:9
FNH:9
FNDA:1,(anonymous_0)
FNDA:7,(anonymous_1)
FNDA:3,(anonymous_2)
FNDA:5,(anonymous_3)
FNDA:3,(anonymous_4)
FNDA:3,(anonymous_5)
FNDA:3,(anonymous_6)
FNDA:2,(anonymous_7)
FNDA:2,(anonymous_8)
DA:7,2
DA:8,2
DA:9,2
DA:10,2
DA:12,2
DA:17,7
DA:22,3
DA:27,5
DA:32,3
DA:33,3
DA:34,3
DA:36,3
DA:37,2
DA:40,2
DA:41,1
DA:44,2
LF:16
LH:16
BRDA:36,0,0,1
BRDA:36,0,1,2
BRDA:40,1,0,1
BRDA:40,1,1,1
BRF:4
BRH:4
end_of_record
TN:
SF:C:\Users\nino8\Downloads\Coding\FCC\chart_stock_market\src\client\reducer\hello.js
FN:13,(anonymous_0)
FNF:1
FNH:1
FNDA:9,(anonymous_0)
DA:8,1
DA:13,1
DA:14,9
DA:16,1
DA:18,1
DA:20,1
DA:22,1
DA:24,5
LF:8
LH:8
BRDA:13,0,0,5
BRDA:14,1,0,1
BRDA:14,1,1,1
BRDA:14,1,2,1
BRDA:14,1,3,1
BRDA:14,1,4,5
BRF:6
BRH:6
end_of_record
TN:
SF:C:\Users\nino8\Downloads\Coding\FCC\chart_stock_market\src\shared\routes.js
FN:8,(anonymous_0)
FNF:1
FNH:1
FNDA:8,(anonymous_0)
DA:3,3
DA:4,3
DA:5,3
DA:6,3
DA:8,8
LF:5
LH:5
BRDA:8,0,0,8
BRDA:8,0,1,1
BRF:2
BRH:2
end_of_record
